<?xml version="1.0" encoding="UTF-8"?>
<testng-results ignored="0" total="1" passed="1" failed="0" skipped="0">
  <reporter-output>
  </reporter-output>
  <suite started-at="2024-01-19T18:09:14 BDT" name="Suite" finished-at="2024-01-19T18:09:34 BDT" duration-ms="19903">
    <groups>
    </groups>
    <test started-at="2024-01-19T18:09:14 BDT" name="Test" finished-at="2024-01-19T18:09:34 BDT" duration-ms="19903">
      <class name="testCases.TC019_InfoPage">
        <test-method is-config="true" signature="setDriver()[pri:0, instance:testCases.TC019_InfoPage@345f69f3]" started-at="2024-01-19T18:09:10 BDT" name="setDriver" finished-at="2024-01-19T18:09:14 BDT" duration-ms="4168" status="PASS">
          <reporter-output>
          </reporter-output>
        </test-method> <!-- setDriver -->
        <test-method signature="Info()[pri:0, instance:testCases.TC019_InfoPage@345f69f3]" started-at="2024-01-19T18:09:14 BDT" name="Info" finished-at="2024-01-19T18:09:34 BDT" duration-ms="19715" status="PASS">
          <reporter-output>
          </reporter-output>
        </test-method> <!-- Info -->
        <test-method is-config="true" signature="closeDriver()[pri:0, instance:testCases.TC019_InfoPage@345f69f3]" started-at="2024-01-19T18:09:34 BDT" name="closeDriver" finished-at="2024-01-19T18:09:35 BDT" duration-ms="250" status="PASS">
          <reporter-output>
          </reporter-output>
        </test-method> <!-- closeDriver -->
      </class> <!-- testCases.TC019_InfoPage -->
    </test> <!-- Test -->
  </suite> <!-- Suite -->
</testng-results>
